<?xml version="1.0" encoding="UTF-8"?>
<!-- Generated by org.testng.reporters.JUnitReportReporter -->
<testsuite hostname="DESKTOP-RQUKL1R" failures="0" tests="1" name="SwagLabs.LoginAndOrderCompleteTest" time="25.933" errors="0" timestamp="2022-11-04T14:28:58 CET" skipped="0">
  <testcase classname="SwagLabs.LoginAndOrderCompleteTest" name="endToEndTest" time="25.933"/>
  <system-out/>
</testsuite> <!-- SwagLabs.LoginAndOrderCompleteTest -->
